Using pre-set license
Built from '2021.2/staging' branch; Version is '2021.2.8f1 (d0e5f0a7b06a) revision 13690352'; Using compiler version '192829333'; Build Type 'Release'
OS: 'Windows 10  (10.0.19042) 64bit Professional' Language: 'en' Physical Memory: 32693 MB
BatchMode: 1, IsHumanControllingUs: 0, StartBugReporterOnCrash: 0, Is64bit: 1, IsPro: 0

COMMAND LINE ARGUMENTS:
C:\Program Files\Unity\Hub\Editor\2021.2.8f1\Editor\Unity.exe
-adb2
-batchMode
-noUpm
-name
AssetImportWorker0
-projectPath
D:/Wicker-Prototype - Copy
-logFile
Logs/AssetImportWorker0.log
-srvPort
51041
Successfully changed project path to: D:/Wicker-Prototype - Copy
D:/Wicker-Prototype - Copy
[UnityMemory] Configuration Parameters - Can be set up in boot.config
    "memorysetup-bucket-allocator-granularity=16"
    "memorysetup-bucket-allocator-bucket-count=8"
    "memorysetup-bucket-allocator-block-size=33554432"
    "memorysetup-bucket-allocator-block-count=8"
    "memorysetup-main-allocator-block-size=16777216"
    "memorysetup-thread-allocator-block-size=16777216"
    "memorysetup-gfx-main-allocator-block-size=16777216"
    "memorysetup-gfx-thread-allocator-block-size=16777216"
    "memorysetup-cache-allocator-block-size=4194304"
    "memorysetup-typetree-allocator-block-size=2097152"
    "memorysetup-profiler-bucket-allocator-granularity=16"
    "memorysetup-profiler-bucket-allocator-bucket-count=8"
    "memorysetup-profiler-bucket-allocator-block-size=33554432"
    "memorysetup-profiler-bucket-allocator-block-count=8"
    "memorysetup-profiler-allocator-block-size=16777216"
    "memorysetup-profiler-editor-allocator-block-size=1048576"
    "memorysetup-temp-allocator-size-main=16777216"
    "memorysetup-job-temp-allocator-block-size=2097152"
    "memorysetup-job-temp-allocator-block-size-background=1048576"
    "memorysetup-job-temp-allocator-reduction-small-platforms=262144"
    "memorysetup-temp-allocator-size-background-worker=32768"
    "memorysetup-temp-allocator-size-job-worker=262144"
    "memorysetup-temp-allocator-size-preload-manager=33554432"
    "memorysetup-temp-allocator-size-nav-mesh-worker=65536"
    "memorysetup-temp-allocator-size-audio-worker=65536"
    "memorysetup-temp-allocator-size-cloud-worker=32768"
    "memorysetup-temp-allocator-size-gi-baking-worker=262144"
    "memorysetup-temp-allocator-size-gfx=262144"
Refreshing native plugins compatible for Editor in 27.96 ms, found 2 plugins.
Preloading 0 native plugins for Editor in 0.00 ms.
Initialize engine version: 2021.2.8f1 (d0e5f0a7b06a)
[Subsystems] Discovering subsystems at path C:/Program Files/Unity/Hub/Editor/2021.2.8f1/Editor/Data/Resources/UnitySubsystems
[Subsystems] Discovering subsystems at path D:/Wicker-Prototype - Copy/Assets
GfxDevice: creating device client; threaded=0; jobified=0
Direct3D:
    Version:  Direct3D 11.0 [level 11.1]
    Renderer: NVIDIA GeForce RTX 3070 Ti (ID=0x2482)
    Vendor:   NVIDIA
    VRAM:     8041 MB
    Driver:   30.0.14.9729
Initialize mono
Mono path[0] = 'C:/Program Files/Unity/Hub/Editor/2021.2.8f1/Editor/Data/Managed'
Mono path[1] = 'C:/Program Files/Unity/Hub/Editor/2021.2.8f1/Editor/Data/MonoBleedingEdge/lib/mono/unityjit-win32'
Mono config path = 'C:/Program Files/Unity/Hub/Editor/2021.2.8f1/Editor/Data/MonoBleedingEdge/etc'
Using monoOptions --debugger-agent=transport=dt_socket,embedding=1,server=y,suspend=n,address=127.0.0.1:56364
Begin MonoManager ReloadAssembly
Registering precompiled unity dll's ...
Register platform support module: C:/Program Files/Unity/Hub/Editor/2021.2.8f1/Editor/Data/PlaybackEngines/MacStandaloneSupport/UnityEditor.OSXStandalone.Extensions.dll
Register platform support module: C:/Program Files/Unity/Hub/Editor/2021.2.8f1/Editor/Data/PlaybackEngines/WindowsStandaloneSupport/UnityEditor.WindowsStandalone.Extensions.dll
Registered in 0.006937 seconds.
Native extension for WindowsStandalone target not found
Native extension for OSXStandalone target not found
Refreshing native plugins compatible for Editor in 28.73 ms, found 2 plugins.
Preloading 0 native plugins for Editor in 0.00 ms.
Mono: successfully reloaded assembly
- Completed reload, in  0.478 seconds
Domain Reload Profiling:
	ReloadAssembly (478ms)
		BeginReloadAssembly (54ms)
			ExecutionOrderSort (0ms)
			DisableScriptedObjects (0ms)
			BackupInstance (0ms)
			ReleaseScriptingObjects (0ms)
			CreateAndSetChildDomain (1ms)
		EndReloadAssembly (357ms)
			LoadAssemblies (53ms)
			RebuildTransferFunctionScriptingTraits (0ms)
			SetupTypeCache (80ms)
			ReleaseScriptCaches (0ms)
			RebuildScriptCaches (24ms)
			SetupLoadedEditorAssemblies (209ms)
				LogAssemblyErrors (0ms)
				InitializePlatformSupportModulesInManaged (20ms)
				SetLoadedEditorAssemblies (0ms)
				RefreshPlugins (29ms)
				BeforeProcessingInitializeOnLoad (1ms)
				ProcessInitializeOnLoadAttributes (124ms)
				ProcessInitializeOnLoadMethodAttributes (34ms)
				AfterProcessingInitializeOnLoad (0ms)
				EditorAssembliesLoaded (0ms)
			ExecutionOrderSort2 (0ms)
			AwakeInstancesAfterBackupRestoration (0ms)
Platform modules already initialized, skipping
Registering precompiled user dll's ...
Registered in 0.002676 seconds.
Begin MonoManager ReloadAssembly
Native extension for WindowsStandalone target not found
Native extension for OSXStandalone target not found
Refreshing native plugins compatible for Editor in 0.56 ms, found 2 plugins.
Preloading 0 native plugins for Editor in 0.00 ms.
Mono: successfully reloaded assembly
- Completed reload, in  0.678 seconds
Domain Reload Profiling:
	ReloadAssembly (678ms)
		BeginReloadAssembly (97ms)
			ExecutionOrderSort (0ms)
			DisableScriptedObjects (5ms)
			BackupInstance (0ms)
			ReleaseScriptingObjects (0ms)
			CreateAndSetChildDomain (22ms)
		EndReloadAssembly (509ms)
			LoadAssemblies (57ms)
			RebuildTransferFunctionScriptingTraits (0ms)
			SetupTypeCache (130ms)
			ReleaseScriptCaches (0ms)
			RebuildScriptCaches (34ms)
			SetupLoadedEditorAssemblies (261ms)
				LogAssemblyErrors (0ms)
				InitializePlatformSupportModulesInManaged (13ms)
				SetLoadedEditorAssemblies (0ms)
				RefreshPlugins (1ms)
				BeforeProcessingInitializeOnLoad (44ms)
				ProcessInitializeOnLoadAttributes (179ms)
				ProcessInitializeOnLoadMethodAttributes (17ms)
				AfterProcessingInitializeOnLoad (7ms)
				EditorAssembliesLoaded (0ms)
			ExecutionOrderSort2 (0ms)
			AwakeInstancesAfterBackupRestoration (5ms)
Platform modules already initialized, skipping
========================================================================
Worker process is ready to serve import requests
Launched and connected shader compiler UnityShaderCompiler.exe after 0.04 seconds
Refreshing native plugins compatible for Editor in 0.54 ms, found 2 plugins.
Preloading 0 native plugins for Editor in 0.00 ms.
Unloading 1814 Unused Serialized files (Serialized files now loaded: 0)
Unloading 34 unused Assets / (1.3 MB). Loaded Objects now: 2301.
Memory consumption went from 171.1 MB to 169.8 MB.
Total: 3.453200 ms (FindLiveObjects: 0.229000 ms CreateObjectMapping: 0.117500 ms MarkObjects: 2.716000 ms  DeleteObjects: 0.389100 ms)

AssetImportParameters requested are different than current active one (requested -> active):
  custom:video-decoder-ogg-theora: a1e56fd34408186e4bbccfd4996cb3dc -> 
  custom:container-muxer-webm: aa71ff27fc2769a1b78a27578f13a17b -> 
  custom:container-demuxer-webm: 4f35f7cbe854078d1ac9338744f61a02 -> 
  custom:video-encoder-webm-vp8: eb34c28f22e8b96e1ab97ce403110664 -> 
  custom:audio-encoder-webm-vorbis: bf7c407c2cedff20999df2af8eb42d56 -> 
  custom:framework-win-MediaFoundation: 216162199b28c13a410421893ffa2e32 -> 
  custom:container-demuxer-ogg: 62fdf1f143b41e24485cea50d1cbac27 -> 
  custom:video-decoder-webm-vp8: 9c59270c3fd7afecdb556c50c9e8de78 -> 
  custom:audio-decoder-ogg-vorbis: bf7c407c2cedff20999df2af8eb42d56 -> 
========================================================================
Received Import Request.
  Time since last request: 182090.974212 seconds.
  path: Assets/New Terrain 1.asset
  artifactKey: Guid(1788d0676245a4f48bcdaeefd1224dc9) Importer(815301076,1909f56bfc062723c751e8b465ee728b)
Start importing Assets/New Terrain 1.asset using Guid(1788d0676245a4f48bcdaeefd1224dc9) Importer(815301076,1909f56bfc062723c751e8b465ee728b)  -> (artifact id: 'e62f4edcec784046bb33916f61e21338') in 0.043113 seconds 
========================================================================
Received Prepare
Registering precompiled user dll's ...
Registered in 0.002444 seconds.
Begin MonoManager ReloadAssembly
Native extension for WindowsStandalone target not found
Native extension for OSXStandalone target not found
Refreshing native plugins compatible for Editor in 0.63 ms, found 2 plugins.
Preloading 0 native plugins for Editor in 0.00 ms.
Mono: successfully reloaded assembly
- Completed reload, in  0.627 seconds
Domain Reload Profiling:
	ReloadAssembly (628ms)
		BeginReloadAssembly (104ms)
			ExecutionOrderSort (0ms)
			DisableScriptedObjects (6ms)
			BackupInstance (0ms)
			ReleaseScriptingObjects (0ms)
			CreateAndSetChildDomain (28ms)
		EndReloadAssembly (450ms)
			LoadAssemblies (54ms)
			RebuildTransferFunctionScriptingTraits (0ms)
			SetupTypeCache (127ms)
			ReleaseScriptCaches (1ms)
			RebuildScriptCaches (33ms)
			SetupLoadedEditorAssemblies (216ms)
				LogAssemblyErrors (0ms)
				InitializePlatformSupportModulesInManaged (13ms)
				SetLoadedEditorAssemblies (0ms)
				RefreshPlugins (1ms)
				BeforeProcessingInitializeOnLoad (42ms)
				ProcessInitializeOnLoadAttributes (137ms)
				ProcessInitializeOnLoadMethodAttributes (16ms)
				AfterProcessingInitializeOnLoad (8ms)
				EditorAssembliesLoaded (0ms)
			ExecutionOrderSort2 (0ms)
			AwakeInstancesAfterBackupRestoration (4ms)
Platform modules already initialized, skipping
Refreshing native plugins compatible for Editor in 0.51 ms, found 2 plugins.
Preloading 0 native plugins for Editor in 0.00 ms.
Unloading 1770 Unused Serialized files (Serialized files now loaded: 0)
Unloading 29 unused Assets / (1.3 MB). Loaded Objects now: 2303.
Memory consumption went from 167.1 MB to 165.8 MB.
Total: 3.348200 ms (FindLiveObjects: 0.267900 ms CreateObjectMapping: 0.099000 ms MarkObjects: 2.643100 ms  DeleteObjects: 0.337600 ms)

AssetImportParameters requested are different than current active one (requested -> active):
  custom:video-decoder-ogg-theora: a1e56fd34408186e4bbccfd4996cb3dc -> 
  custom:container-muxer-webm: aa71ff27fc2769a1b78a27578f13a17b -> 
  custom:container-demuxer-webm: 4f35f7cbe854078d1ac9338744f61a02 -> 
  custom:video-encoder-webm-vp8: eb34c28f22e8b96e1ab97ce403110664 -> 
  custom:audio-encoder-webm-vorbis: bf7c407c2cedff20999df2af8eb42d56 -> 
  custom:framework-win-MediaFoundation: 216162199b28c13a410421893ffa2e32 -> 
  custom:container-demuxer-ogg: 62fdf1f143b41e24485cea50d1cbac27 -> 
  custom:video-decoder-webm-vp8: 9c59270c3fd7afecdb556c50c9e8de78 -> 
  custom:audio-decoder-ogg-vorbis: bf7c407c2cedff20999df2af8eb42d56 -> 
========================================================================
Received Prepare
Registering precompiled user dll's ...
Registered in 0.002356 seconds.
Begin MonoManager ReloadAssembly
Native extension for WindowsStandalone target not found
Native extension for OSXStandalone target not found
Refreshing native plugins compatible for Editor in 0.39 ms, found 2 plugins.
Preloading 0 native plugins for Editor in 0.00 ms.
Mono: successfully reloaded assembly
- Completed reload, in  0.621 seconds
Domain Reload Profiling:
	ReloadAssembly (622ms)
		BeginReloadAssembly (101ms)
			ExecutionOrderSort (0ms)
			DisableScriptedObjects (5ms)
			BackupInstance (0ms)
			ReleaseScriptingObjects (0ms)
			CreateAndSetChildDomain (27ms)
		EndReloadAssembly (442ms)
			LoadAssemblies (56ms)
			RebuildTransferFunctionScriptingTraits (0ms)
			SetupTypeCache (126ms)
			ReleaseScriptCaches (1ms)
			RebuildScriptCaches (31ms)
			SetupLoadedEditorAssemblies (208ms)
				LogAssemblyErrors (0ms)
				InitializePlatformSupportModulesInManaged (11ms)
				SetLoadedEditorAssemblies (0ms)
				RefreshPlugins (0ms)
				BeforeProcessingInitializeOnLoad (38ms)
				ProcessInitializeOnLoadAttributes (135ms)
				ProcessInitializeOnLoadMethodAttributes (16ms)
				AfterProcessingInitializeOnLoad (7ms)
				EditorAssembliesLoaded (0ms)
			ExecutionOrderSort2 (0ms)
			AwakeInstancesAfterBackupRestoration (4ms)
Platform modules already initialized, skipping
Refreshing native plugins compatible for Editor in 0.56 ms, found 2 plugins.
Preloading 0 native plugins for Editor in 0.00 ms.
Unloading 1770 Unused Serialized files (Serialized files now loaded: 0)
Unloading 29 unused Assets / (1.3 MB). Loaded Objects now: 2305.
Memory consumption went from 167.1 MB to 165.8 MB.
Total: 3.468300 ms (FindLiveObjects: 0.372500 ms CreateObjectMapping: 0.060200 ms MarkObjects: 2.539900 ms  DeleteObjects: 0.494500 ms)

AssetImportParameters requested are different than current active one (requested -> active):
  custom:video-decoder-ogg-theora: a1e56fd34408186e4bbccfd4996cb3dc -> 
  custom:container-muxer-webm: aa71ff27fc2769a1b78a27578f13a17b -> 
  custom:container-demuxer-webm: 4f35f7cbe854078d1ac9338744f61a02 -> 
  custom:video-encoder-webm-vp8: eb34c28f22e8b96e1ab97ce403110664 -> 
  custom:audio-encoder-webm-vorbis: bf7c407c2cedff20999df2af8eb42d56 -> 
  custom:framework-win-MediaFoundation: 216162199b28c13a410421893ffa2e32 -> 
  custom:container-demuxer-ogg: 62fdf1f143b41e24485cea50d1cbac27 -> 
  custom:video-decoder-webm-vp8: 9c59270c3fd7afecdb556c50c9e8de78 -> 
  custom:audio-decoder-ogg-vorbis: bf7c407c2cedff20999df2af8eb42d56 -> 
========================================================================
Received Import Request.
  Time since last request: 137.701782 seconds.
  path: Assets/Scenes
  artifactKey: Guid(d08bbd603c914964190713bd95689eb3) Importer(815301076,1909f56bfc062723c751e8b465ee728b)
Start importing Assets/Scenes using Guid(d08bbd603c914964190713bd95689eb3) Importer(815301076,1909f56bfc062723c751e8b465ee728b)  -> (artifact id: '9b1cf10801ca686ce2523114733e3378') in 0.007216 seconds 
========================================================================
Received Import Request.
  Time since last request: 1.094154 seconds.
  path: Assets/Scenes/SampleScene.unity
  artifactKey: Guid(9fc0d4010bbf28b4594072e72b8655ab) Importer(815301076,1909f56bfc062723c751e8b465ee728b)
Start importing Assets/Scenes/SampleScene.unity using Guid(9fc0d4010bbf28b4594072e72b8655ab) Importer(815301076,1909f56bfc062723c751e8b465ee728b)  -> (artifact id: '04f0e6c51a3a7b8b6dabaa835eedaf0a') in 0.015672 seconds 
========================================================================
Received Import Request.
  Time since last request: 5.669221 seconds.
  path: Assets/Scenes/title.unity
  artifactKey: Guid(5d272e8ccf4cd444caf05cabe5c9861e) Importer(815301076,1909f56bfc062723c751e8b465ee728b)
Start importing Assets/Scenes/title.unity using Guid(5d272e8ccf4cd444caf05cabe5c9861e) Importer(815301076,1909f56bfc062723c751e8b465ee728b)  -> (artifact id: 'c1998fbba75e1612ccd3db83f278ce30') in 0.005864 seconds 
========================================================================
Received Import Request.
  Time since last request: 0.705591 seconds.
  path: Assets/Scenes/ParticleLand.unity
  artifactKey: Guid(132dd42dbb20f204fabedb8164ffe19c) Importer(815301076,1909f56bfc062723c751e8b465ee728b)
Start importing Assets/Scenes/ParticleLand.unity using Guid(132dd42dbb20f204fabedb8164ffe19c) Importer(815301076,1909f56bfc062723c751e8b465ee728b)  -> (artifact id: 'ccfd8d02cb30e40ad882fb4398d19f47') in 0.005422 seconds 
========================================================================
Received Import Request.
  Time since last request: 0.637967 seconds.
  path: Assets/Scenes/NavMeshTest.unity
  artifactKey: Guid(612b951cf4b06fb478fcffec2231e464) Importer(815301076,1909f56bfc062723c751e8b465ee728b)
Start importing Assets/Scenes/NavMeshTest.unity using Guid(612b951cf4b06fb478fcffec2231e464) Importer(815301076,1909f56bfc062723c751e8b465ee728b)  -> (artifact id: '7967e04fffec7faa8bec7530b9daa045') in 0.004433 seconds 
========================================================================
Received Import Request.
  Time since last request: 0.761763 seconds.
  path: Assets/Scenes/endscreen.unity
  artifactKey: Guid(367a272d17d823741bf7172c9b78f885) Importer(815301076,1909f56bfc062723c751e8b465ee728b)
Start importing Assets/Scenes/endscreen.unity using Guid(367a272d17d823741bf7172c9b78f885) Importer(815301076,1909f56bfc062723c751e8b465ee728b)  -> (artifact id: 'cd4e84d274de32c6367810c9c81751b0') in 0.004577 seconds 
========================================================================
Received Import Request.
  Time since last request: 7.488657 seconds.
  path: Assets/Scenes/SampleScene
  artifactKey: Guid(6e67d5949efd2df4080c3c01f17078ff) Importer(815301076,1909f56bfc062723c751e8b465ee728b)
Start importing Assets/Scenes/SampleScene using Guid(6e67d5949efd2df4080c3c01f17078ff) Importer(815301076,1909f56bfc062723c751e8b465ee728b)  -> (artifact id: 'cea428d926b93c730872f3266c6c4c38') in 0.004207 seconds 
========================================================================
Received Import Request.
  Time since last request: 0.077301 seconds.
  path: Assets/Scenes/SampleScene/LightingData.asset
  artifactKey: Guid(6a910af3a69d6794495ec24ff09f753f) Importer(815301076,1909f56bfc062723c751e8b465ee728b)
Start importing Assets/Scenes/SampleScene/LightingData.asset using Guid(6a910af3a69d6794495ec24ff09f753f) Importer(815301076,1909f56bfc062723c751e8b465ee728b)  -> (artifact id: '0de25884d97043bd7315625c8b285126') in 0.028741 seconds 
========================================================================
Received Import Request.
  Time since last request: 0.000015 seconds.
  path: Assets/Scenes/SampleScene/Lightmap-0_comp_shadowmask.png
  artifactKey: Guid(42d69cce30091a743a1180cd8cd92c63) Importer(815301076,1909f56bfc062723c751e8b465ee728b)
Start importing Assets/Scenes/SampleScene/Lightmap-0_comp_shadowmask.png using Guid(42d69cce30091a743a1180cd8cd92c63) Importer(815301076,1909f56bfc062723c751e8b465ee728b)  -> (artifact id: '7c8f6f46300559a3b5caa6f432b1dff1') in 0.038315 seconds 
========================================================================
Received Import Request.
  Time since last request: 0.000014 seconds.
  path: Assets/Scenes/SampleScene/ReflectionProbe-0.exr
  artifactKey: Guid(6723cb910b9396c449df810b62c10adb) Importer(815301076,1909f56bfc062723c751e8b465ee728b)
Start importing Assets/Scenes/SampleScene/ReflectionProbe-0.exr using Guid(6723cb910b9396c449df810b62c10adb) Importer(815301076,1909f56bfc062723c751e8b465ee728b)  -> (artifact id: '407b4b0a0071fb8cec03be09032bf608') in 0.048168 seconds 
========================================================================
Received Import Request.
  Time since last request: 71.141943 seconds.
  path: Assets/Materials/grass-test.mat
  artifactKey: Guid(17a9ece8fc4db1a46b061360e9005a49) Importer(815301076,1909f56bfc062723c751e8b465ee728b)
Start importing Assets/Materials/grass-test.mat using Guid(17a9ece8fc4db1a46b061360e9005a49) Importer(815301076,1909f56bfc062723c751e8b465ee728b)  -> (artifact id: '737464ce5d5b3d3ddfb6b1773fe94cd7') in 0.167498 seconds 
========================================================================
Received Import Request.
  Time since last request: 0.000020 seconds.
  path: Assets/Materials/Grass.mat
  artifactKey: Guid(1ef58b13e290f7f42b23f762bb867a04) Importer(815301076,1909f56bfc062723c751e8b465ee728b)
Start importing Assets/Materials/Grass.mat using Guid(1ef58b13e290f7f42b23f762bb867a04) Importer(815301076,1909f56bfc062723c751e8b465ee728b)  -> (artifact id: '972488c43f19bfe799c387536b69a073') in 0.129889 seconds 
========================================================================
Received Import Request.
  Time since last request: 0.102641 seconds.
  path: Assets/Data/Spells/Force Blast.asset
  artifactKey: Guid(7f33b57b147cac64dadfb0f11cc85701) Importer(815301076,1909f56bfc062723c751e8b465ee728b)
Start importing Assets/Data/Spells/Force Blast.asset using Guid(7f33b57b147cac64dadfb0f11cc85701) Importer(815301076,1909f56bfc062723c751e8b465ee728b)  -> (artifact id: '45ea1f1a7fac7c8a7893378a86af0a3a') in 0.010772 seconds 
========================================================================
Received Import Request.
  Time since last request: 0.000019 seconds.
  path: Assets/Data/Spells/Pulse Barrage.asset
  artifactKey: Guid(7d39dfbed3d708b498c34a6311665a18) Importer(815301076,1909f56bfc062723c751e8b465ee728b)
Start importing Assets/Data/Spells/Pulse Barrage.asset using Guid(7d39dfbed3d708b498c34a6311665a18) Importer(815301076,1909f56bfc062723c751e8b465ee728b)  -> (artifact id: 'bf71e782c87f718faf44678f4d829a30') in 0.006618 seconds 
========================================================================
Received Import Request.
  Time since last request: 0.926468 seconds.
  path: Assets/Data/UI/Test2.asset
  artifactKey: Guid(51170ba8dbfdd1740a5c5d77497efa90) Importer(815301076,1909f56bfc062723c751e8b465ee728b)
Start importing Assets/Data/UI/Test2.asset using Guid(51170ba8dbfdd1740a5c5d77497efa90) Importer(815301076,1909f56bfc062723c751e8b465ee728b)  -> (artifact id: 'd15f12043f3adea3c1dbaf98a7cc6353') in 0.004385 seconds 
========================================================================
Received Import Request.
  Time since last request: 21.972938 seconds.
  path: Assets/Prefabs/Book Panel.prefab
  artifactKey: Guid(2bc71a5a3ab2565499acba64a27a3d59) Importer(815301076,1909f56bfc062723c751e8b465ee728b)
Start importing Assets/Prefabs/Book Panel.prefab using Guid(2bc71a5a3ab2565499acba64a27a3d59) Importer(815301076,1909f56bfc062723c751e8b465ee728b)  -> (artifact id: '79bbba2ec012b363c02c7b24a70e21a1') in 0.028320 seconds 
========================================================================
Received Import Request.
  Time since last request: 0.000016 seconds.
  path: Assets/Prefabs/Large Ooze.prefab
  artifactKey: Guid(32e2d1ed95904274dae3b1bebaa5a172) Importer(815301076,1909f56bfc062723c751e8b465ee728b)
Start importing Assets/Prefabs/Large Ooze.prefab using Guid(32e2d1ed95904274dae3b1bebaa5a172) Importer(815301076,1909f56bfc062723c751e8b465ee728b)  -> (artifact id: '377f09751b7c05bf4623fe07b9ca20e2') in 0.027346 seconds 
========================================================================
Received Import Request.
  Time since last request: 0.000021 seconds.
  path: Assets/Prefabs/Spear_thrown.prefab
  artifactKey: Guid(420c3c20545c48e4fae35c3763e85cc6) Importer(815301076,1909f56bfc062723c751e8b465ee728b)
Start importing Assets/Prefabs/Spear_thrown.prefab using Guid(420c3c20545c48e4fae35c3763e85cc6) Importer(815301076,1909f56bfc062723c751e8b465ee728b)  -> (artifact id: '251eff46cdf0f4d3f4a2d842e5c49266') in 0.009177 seconds 
========================================================================
Received Import Request.
  Time since last request: 0.000023 seconds.
  path: Assets/Prefabs/Wraith.prefab
  artifactKey: Guid(5ef0b10036130cd47980b9cea08a21d5) Importer(815301076,1909f56bfc062723c751e8b465ee728b)
Start importing Assets/Prefabs/Wraith.prefab using Guid(5ef0b10036130cd47980b9cea08a21d5) Importer(815301076,1909f56bfc062723c751e8b465ee728b)  -> (artifact id: 'd31201510d0d5f4464de39ab5c7471f0') in 0.017409 seconds 
========================================================================
Received Import Request.
  Time since last request: 0.000016 seconds.
  path: Assets/Prefabs/Medium Ooze.prefab
  artifactKey: Guid(30427378c7f34414fae146f95b188043) Importer(815301076,1909f56bfc062723c751e8b465ee728b)
Start importing Assets/Prefabs/Medium Ooze.prefab using Guid(30427378c7f34414fae146f95b188043) Importer(815301076,1909f56bfc062723c751e8b465ee728b)  -> (artifact id: '07539200239f9d335f228997f2955923') in 0.017553 seconds 
========================================================================
Received Import Request.
  Time since last request: 0.000024 seconds.
  path: Assets/Prefabs/Quit.prefab
  artifactKey: Guid(d628c770022a17641b9ef1b7521121c4) Importer(815301076,1909f56bfc062723c751e8b465ee728b)
Start importing Assets/Prefabs/Quit.prefab using Guid(d628c770022a17641b9ef1b7521121c4) Importer(815301076,1909f56bfc062723c751e8b465ee728b)  -> (artifact id: 'd89e22df6def5618b87517717a6436e2') in 0.006938 seconds 
========================================================================
Received Import Request.
  Time since last request: 0.000016 seconds.
  path: Assets/Prefabs/Stats.prefab
  artifactKey: Guid(6eeb2c3e70dfdbd47934978aa18b59e7) Importer(815301076,1909f56bfc062723c751e8b465ee728b)
Start importing Assets/Prefabs/Stats.prefab using Guid(6eeb2c3e70dfdbd47934978aa18b59e7) Importer(815301076,1909f56bfc062723c751e8b465ee728b)  -> (artifact id: 'e48eeff1a5d491b0f0d36e394b7ab068') in 0.010952 seconds 
========================================================================
Received Import Request.
  Time since last request: 0.000031 seconds.
  path: Assets/Prefabs/Moon.prefab
  artifactKey: Guid(2ed3c4885730c0f4cacba7c014fe72e0) Importer(815301076,1909f56bfc062723c751e8b465ee728b)
Start importing Assets/Prefabs/Moon.prefab using Guid(2ed3c4885730c0f4cacba7c014fe72e0) Importer(815301076,1909f56bfc062723c751e8b465ee728b)  -> (artifact id: 'bfefb09cdd516a32c397ae05e75545aa') in 0.010110 seconds 
========================================================================
Received Import Request.
  Time since last request: 0.000017 seconds.
  path: Assets/Prefabs/WraithProjectile.prefab
  artifactKey: Guid(a1728f369372b0c45a2de6ab7af1e73c) Importer(815301076,1909f56bfc062723c751e8b465ee728b)
Start importing Assets/Prefabs/WraithProjectile.prefab using Guid(a1728f369372b0c45a2de6ab7af1e73c) Importer(815301076,1909f56bfc062723c751e8b465ee728b)  -> (artifact id: 'e98d9dd53d286bf252bd24b6cc3338a7') in 0.009711 seconds 
========================================================================
Received Import Request.
  Time since last request: 0.369823 seconds.
  path: Assets/Prefabs/VFX/Impact Effect.prefab
  artifactKey: Guid(736084558aeb41547945d830ee2f28f9) Importer(815301076,1909f56bfc062723c751e8b465ee728b)
Start importing Assets/Prefabs/VFX/Impact Effect.prefab using Guid(736084558aeb41547945d830ee2f28f9) Importer(815301076,1909f56bfc062723c751e8b465ee728b)  -> (artifact id: '379a0b5bb23f4f820b0d1bf688a2dd16') in 0.072743 seconds 
========================================================================
Received Import Request.
  Time since last request: 0.482515 seconds.
  path: Assets/Prefabs/Test Entities/Player.prefab
  artifactKey: Guid(b4a7128462caf9046a4716f14895bb71) Importer(815301076,1909f56bfc062723c751e8b465ee728b)
Start importing Assets/Prefabs/Test Entities/Player.prefab using Guid(b4a7128462caf9046a4716f14895bb71) Importer(815301076,1909f56bfc062723c751e8b465ee728b) Asset 'Focus Animator': Transition 'WEAPON_IDLE -> WEAPON_NONE' in state 'WEAPON_IDLE' doesn't have an Exit Time or any condition, transition will be ignored
 -> (artifact id: '66ecad1a491c482717fe2c077523d222') in 0.081258 seconds 
========================================================================
Received Import Request.
  Time since last request: 2.082127 seconds.
  path: Assets/Prefabs/VFX/Particles/Impact.prefab
  artifactKey: Guid(8b4b5cc6a561e8c4a9140bb99ac1fed7) Importer(815301076,1909f56bfc062723c751e8b465ee728b)
Start importing Assets/Prefabs/VFX/Particles/Impact.prefab using Guid(8b4b5cc6a561e8c4a9140bb99ac1fed7) Importer(815301076,1909f56bfc062723c751e8b465ee728b)  -> (artifact id: '76842649d2b9326706f46006623270e3') in 0.010637 seconds 
========================================================================
Received Import Request.
  Time since last request: 0.000022 seconds.
  path: Assets/Prefabs/VFX/Particles/Shockwave.prefab
  artifactKey: Guid(5199b4b4305b70f43815135423cff4aa) Importer(815301076,1909f56bfc062723c751e8b465ee728b)
Start importing Assets/Prefabs/VFX/Particles/Shockwave.prefab using Guid(5199b4b4305b70f43815135423cff4aa) Importer(815301076,1909f56bfc062723c751e8b465ee728b)  -> (artifact id: '4c0440e2d05476ae2e339539fe5eeec2') in 0.029937 seconds 
========================================================================
Received Import Request.
  Time since last request: 16.950553 seconds.
  path: Assets/Sprites/Book-panel.png
  artifactKey: Guid(0c95b34cc6e34be46940498bb1a5ccc8) Importer(815301076,1909f56bfc062723c751e8b465ee728b)
Start importing Assets/Sprites/Book-panel.png using Guid(0c95b34cc6e34be46940498bb1a5ccc8) Importer(815301076,1909f56bfc062723c751e8b465ee728b)  -> (artifact id: 'ee6573ecbbeaec8c7f99d03ba71b3023') in 0.022854 seconds 
========================================================================
Received Import Request.
  Time since last request: 0.000020 seconds.
  path: Assets/Sprites/Square.png
  artifactKey: Guid(19a890b4e66ef3a49b8c21ae8f203bf0) Importer(815301076,1909f56bfc062723c751e8b465ee728b)
Start importing Assets/Sprites/Square.png using Guid(19a890b4e66ef3a49b8c21ae8f203bf0) Importer(815301076,1909f56bfc062723c751e8b465ee728b)  -> (artifact id: 'a5db030f2f09f1097166e7cbba743e70') in 0.017462 seconds 
========================================================================
Received Import Request.
  Time since last request: 0.000030 seconds.
  path: Assets/Sprites/StabFX.png
  artifactKey: Guid(f0acd1e1a78810d44807fe67a8967f5d) Importer(815301076,1909f56bfc062723c751e8b465ee728b)
Start importing Assets/Sprites/StabFX.png using Guid(f0acd1e1a78810d44807fe67a8967f5d) Importer(815301076,1909f56bfc062723c751e8b465ee728b)  -> (artifact id: 'a793176d3b56d0e07f6480c0cab97f2c') in 0.035825 seconds 
========================================================================
Received Import Request.
  Time since last request: 0.000017 seconds.
  path: Assets/Sprites/EndScreen.png
  artifactKey: Guid(60477373ba2e8394a807119f01bea56c) Importer(815301076,1909f56bfc062723c751e8b465ee728b)
Start importing Assets/Sprites/EndScreen.png using Guid(60477373ba2e8394a807119f01bea56c) Importer(815301076,1909f56bfc062723c751e8b465ee728b)  -> (artifact id: 'e33e8d8083f66a597bd895ed2bd7dab1') in 0.066763 seconds 
========================================================================
Received Import Request.
  Time since last request: 0.000015 seconds.
  path: Assets/Sprites/overflowIcon.png
  artifactKey: Guid(29e58f1fc2f63394ba23d7406372a4ae) Importer(815301076,1909f56bfc062723c751e8b465ee728b)
Start importing Assets/Sprites/overflowIcon.png using Guid(29e58f1fc2f63394ba23d7406372a4ae) Importer(815301076,1909f56bfc062723c751e8b465ee728b)  -> (artifact id: '7175336fafd1408ab4321da2066bca9b') in 0.008035 seconds 
========================================================================
Received Import Request.
  Time since last request: 0.000017 seconds.
  path: Assets/Sprites/Long Slash FX.png
  artifactKey: Guid(2e418f76ffb636b4eaea380c9ec2072a) Importer(815301076,1909f56bfc062723c751e8b465ee728b)
Start importing Assets/Sprites/Long Slash FX.png using Guid(2e418f76ffb636b4eaea380c9ec2072a) Importer(815301076,1909f56bfc062723c751e8b465ee728b)  -> (artifact id: '655602af90bf55f9b1ffef1458fab3ca') in 0.017540 seconds 
========================================================================
Received Import Request.
  Time since last request: 0.000018 seconds.
  path: Assets/Sprites/overflowIcon 1.png
  artifactKey: Guid(5a6bcefce205eb94b90138dbdb7f968e) Importer(815301076,1909f56bfc062723c751e8b465ee728b)
Start importing Assets/Sprites/overflowIcon 1.png using Guid(5a6bcefce205eb94b90138dbdb7f968e) Importer(815301076,1909f56bfc062723c751e8b465ee728b)  -> (artifact id: 'fcee7a431d98cafbf5f09f1542dc1c74') in 0.017561 seconds 
========================================================================
Received Import Request.
  Time since last request: 0.000018 seconds.
  path: Assets/Sprites/Circle.png
  artifactKey: Guid(4565f7432e39c664b8896e8c585b5817) Importer(815301076,1909f56bfc062723c751e8b465ee728b)
Start importing Assets/Sprites/Circle.png using Guid(4565f7432e39c664b8896e8c585b5817) Importer(815301076,1909f56bfc062723c751e8b465ee728b)  -> (artifact id: '1dd79838e95d08760c9e4bcbee294c2f') in 0.012363 seconds 
========================================================================
Received Import Request.
  Time since last request: 6.646999 seconds.
  path: Assets/AI/States/Bat States/Bat Damage State.asset
  artifactKey: Guid(92ec599efd138584e973a03c91687692) Importer(815301076,1909f56bfc062723c751e8b465ee728b)
Start importing Assets/AI/States/Bat States/Bat Damage State.asset using Guid(92ec599efd138584e973a03c91687692) Importer(815301076,1909f56bfc062723c751e8b465ee728b)  -> (artifact id: '326777828fc5d60c2e6a7f33893cbe53') in 0.005908 seconds 
========================================================================
Received Import Request.
  Time since last request: 32.320149 seconds.
  path: Assets/Sprites/Enemies/Slime/dropv2.png
  artifactKey: Guid(eae7dad7adeccd74db1ee88c6cad0a7c) Importer(815301076,1909f56bfc062723c751e8b465ee728b)
Start importing Assets/Sprites/Enemies/Slime/dropv2.png using Guid(eae7dad7adeccd74db1ee88c6cad0a7c) Importer(815301076,1909f56bfc062723c751e8b465ee728b)  -> (artifact id: '2a4a5b9feebe4e232cbed833eee91e29') in 0.010006 seconds 
Editor requested this worker to shutdown with reason: Scaling down because of idle timeout
AssetImportWorker is now disconnected from the server
Process exiting
Exiting without the bug reporter. Application will terminate with return code 0